Line 253: Class WMPLibCtl.WindowsMediaPlayer of control MEDIAPLAY was not a loaded control class.
Line 259: The property name URL in MEDIAPLAY is invalid.
Line 260: The property name rate in MEDIAPLAY is invalid.
Line 261: The property name balance in MEDIAPLAY is invalid.
Line 262: The property name currentPosition in MEDIAPLAY is invalid.
Line 263: The property name defaultFrame in MEDIAPLAY is invalid.
Line 264: The property name playCount in MEDIAPLAY is invalid.
Line 265: The property name autoStart in MEDIAPLAY is invalid.
Line 266: The property name currentMarker in MEDIAPLAY is invalid.
Line 267: The property name invokeURLs in MEDIAPLAY is invalid.
Line 268: The property name baseURL in MEDIAPLAY is invalid.
Line 269: The property name volume in MEDIAPLAY is invalid.
Line 270: The property name mute in MEDIAPLAY is invalid.
Line 271: The property name uiMode in MEDIAPLAY is invalid.
Line 272: The property name stretchToFit in MEDIAPLAY is invalid.
Line 273: The property name windowlessVideo in MEDIAPLAY is invalid.
Line 275: The property name enableContextMenu in MEDIAPLAY is invalid.
Line 276: The property name fullScreen in MEDIAPLAY is invalid.
Line 277: The property name SAMIStyle in MEDIAPLAY is invalid.
Line 278: The property name SAMILang in MEDIAPLAY is invalid.
Line 279: The property name SAMIFilename in MEDIAPLAY is invalid.
Line 280: The property name captioningID in MEDIAPLAY is invalid.
Line 281: The property name enableErrorDialogs in MEDIAPLAY is invalid.
Line 282: The property name _cx in MEDIAPLAY is invalid.
Line 283: The property name _cy in MEDIAPLAY is invalid.
